<?xml version="1.0" encoding="UTF-8"?>
<!-- Generated by org.testng.reporters.JUnitXMLReporter -->
<testsuite ignored="0" hostname="LTIN242912" failures="0" tests="21" name="Test" time="141.26" errors="0" timestamp="2024-02-26T12:34:46 IST">
  <testcase classname="bookShelves.BookShelves" name="open_BookShelves" time="2.128"/>
  <testcase classname="bookShelves.BookShelves" name="close_popup" time="3.086"/>
  <testcase classname="bookShelves.BookShelves" name="open_category" time="0.609"/>
  <testcase classname="bookShelves.BookShelves" name="price_selection" time="5.63"/>
  <testcase classname="bookShelves.BookShelves" name="Click_Excludeoutof_stock" time="2.146"/>
  <testcase classname="bookShelves.BookShelves" name="Select_recommended" time="5.301"/>
  <testcase classname="bookShelves.BookShelves" name="Collect_Displayed_Namesofitems" time="0.185"/>
  <testcase classname="bookShelves.BookShelves" name="Collect_Displayed_Pricesofitems" time="2.853"/>
  <testcase classname="bookShelves.BookShelves" name="open_Living" time="0.218"/>
  <testcase classname="bookShelves.BookShelves" name="Select_SeatingandChairs" time="0.974"/>
  <testcase classname="bookShelves.BookShelves" name="Collect_listeditems_ofSeatingandchairs" time="2.875"/>
  <testcase classname="bookShelves.BookShelves" name="go_to_giftcards" time="39.159"/>
  <testcase classname="bookShelves.BookShelves" name="Scroll_Toheading" time="5.113"/>
  <testcase classname="bookShelves.BookShelves" name="Select_Annivesary" time="0.202"/>
  <testcase classname="bookShelves.BookShelves" name="coustmize_giftcard" time="0.18"/>
  <testcase classname="bookShelves.BookShelves" name="Select_date" time="3.316"/>
  <testcase classname="bookShelves.BookShelves" name="fill_the_form" time="3.685"/>
  <testcase classname="bookShelves.BookShelves" name="Click_confirm" time="3.041"/>
  <testcase classname="bookShelves.BookShelves" name="Refill_details" time="42.449"/>
  <testcase classname="bookShelves.BookShelves" name="valid_details" time="3.751"/>
  <testcase classname="bookShelves.BookShelves" name="click_confirm" time="2.083"/>
</testsuite> <!-- Test -->
