<?xml version="1.0" encoding="UTF-8"?>
<testng-results ignored="0" total="21" passed="21" failed="0" skipped="0">
  <reporter-output>
  </reporter-output>
  <suite started-at="2024-02-26T12:32:24 IST" name="Suite" finished-at="2024-02-26T12:34:46 IST" duration-ms="141260">
    <groups>
    </groups>
    <test started-at="2024-02-26T12:32:24 IST" name="Test" finished-at="2024-02-26T12:34:46 IST" duration-ms="141260">
      <class name="bookShelves.BookShelves">
        <test-method is-config="true" signature="open_Home_page()[pri:0, instance:bookShelves.BookShelves@20d525]" started-at="2024-02-26T12:32:25 IST" name="open_Home_page" finished-at="2024-02-26T12:32:35 IST" duration-ms="9895" status="PASS">
          <reporter-output>
          </reporter-output>
        </test-method> <!-- open_Home_page -->
        <test-method signature="open_BookShelves()[pri:1, instance:bookShelves.BookShelves@20d525]" started-at="2024-02-26T12:32:35 IST" name="open_BookShelves" finished-at="2024-02-26T12:32:37 IST" duration-ms="2128" status="PASS">
          <reporter-output>
          </reporter-output>
        </test-method> <!-- open_BookShelves -->
        <test-method signature="close_popup()[pri:2, instance:bookShelves.BookShelves@20d525]" started-at="2024-02-26T12:32:37 IST" name="close_popup" finished-at="2024-02-26T12:32:40 IST" duration-ms="3086" status="PASS">
          <reporter-output>
          </reporter-output>
        </test-method> <!-- close_popup -->
        <test-method signature="open_category()[pri:3, instance:bookShelves.BookShelves@20d525]" started-at="2024-02-26T12:32:40 IST" name="open_category" finished-at="2024-02-26T12:32:41 IST" duration-ms="609" status="PASS">
          <reporter-output>
          </reporter-output>
        </test-method> <!-- open_category -->
        <test-method signature="price_selection()[pri:4, instance:bookShelves.BookShelves@20d525]" started-at="2024-02-26T12:32:41 IST" name="price_selection" finished-at="2024-02-26T12:32:47 IST" duration-ms="5630" status="PASS">
          <reporter-output>
          </reporter-output>
        </test-method> <!-- price_selection -->
        <test-method signature="Click_Excludeoutof_stock()[pri:5, instance:bookShelves.BookShelves@20d525]" started-at="2024-02-26T12:32:47 IST" name="Click_Excludeoutof_stock" finished-at="2024-02-26T12:32:49 IST" duration-ms="2146" status="PASS">
          <reporter-output>
          </reporter-output>
        </test-method> <!-- Click_Excludeoutof_stock -->
        <test-method signature="Select_recommended()[pri:6, instance:bookShelves.BookShelves@20d525]" started-at="2024-02-26T12:32:49 IST" name="Select_recommended" finished-at="2024-02-26T12:32:54 IST" duration-ms="5301" status="PASS">
          <reporter-output>
          </reporter-output>
        </test-method> <!-- Select_recommended -->
        <test-method signature="Collect_Displayed_Namesofitems()[pri:7, instance:bookShelves.BookShelves@20d525]" started-at="2024-02-26T12:32:54 IST" name="Collect_Displayed_Namesofitems" finished-at="2024-02-26T12:32:54 IST" duration-ms="185" status="PASS">
          <reporter-output>
          </reporter-output>
        </test-method> <!-- Collect_Displayed_Namesofitems -->
        <test-method signature="Collect_Displayed_Pricesofitems()[pri:8, instance:bookShelves.BookShelves@20d525]" started-at="2024-02-26T12:32:54 IST" name="Collect_Displayed_Pricesofitems" finished-at="2024-02-26T12:32:57 IST" duration-ms="2853" status="PASS">
          <reporter-output>
          </reporter-output>
        </test-method> <!-- Collect_Displayed_Pricesofitems -->
        <test-method signature="open_Living()[pri:9, instance:bookShelves.BookShelves@20d525]" started-at="2024-02-26T12:32:57 IST" name="open_Living" finished-at="2024-02-26T12:32:57 IST" duration-ms="218" status="PASS">
          <reporter-output>
          </reporter-output>
        </test-method> <!-- open_Living -->
        <test-method signature="Select_SeatingandChairs()[pri:10, instance:bookShelves.BookShelves@20d525]" started-at="2024-02-26T12:32:57 IST" name="Select_SeatingandChairs" finished-at="2024-02-26T12:32:58 IST" duration-ms="974" status="PASS">
          <reporter-output>
          </reporter-output>
        </test-method> <!-- Select_SeatingandChairs -->
        <test-method signature="Collect_listeditems_ofSeatingandchairs()[pri:11, instance:bookShelves.BookShelves@20d525]" started-at="2024-02-26T12:32:58 IST" name="Collect_listeditems_ofSeatingandchairs" finished-at="2024-02-26T12:33:01 IST" duration-ms="2875" status="PASS">
          <reporter-output>
          </reporter-output>
        </test-method> <!-- Collect_listeditems_ofSeatingandchairs -->
        <test-method signature="go_to_giftcards()[pri:12, instance:bookShelves.BookShelves@20d525]" started-at="2024-02-26T12:33:01 IST" name="go_to_giftcards" finished-at="2024-02-26T12:33:40 IST" duration-ms="39159" status="PASS">
          <reporter-output>
          </reporter-output>
        </test-method> <!-- go_to_giftcards -->
        <test-method signature="Scroll_Toheading()[pri:13, instance:bookShelves.BookShelves@20d525]" started-at="2024-02-26T12:33:40 IST" name="Scroll_Toheading" finished-at="2024-02-26T12:33:45 IST" duration-ms="5113" status="PASS">
          <reporter-output>
          </reporter-output>
        </test-method> <!-- Scroll_Toheading -->
        <test-method signature="Select_Annivesary()[pri:14, instance:bookShelves.BookShelves@20d525]" started-at="2024-02-26T12:33:45 IST" name="Select_Annivesary" finished-at="2024-02-26T12:33:46 IST" duration-ms="202" status="PASS">
          <reporter-output>
          </reporter-output>
        </test-method> <!-- Select_Annivesary -->
        <test-method signature="coustmize_giftcard()[pri:15, instance:bookShelves.BookShelves@20d525]" started-at="2024-02-26T12:33:46 IST" name="coustmize_giftcard" finished-at="2024-02-26T12:33:46 IST" duration-ms="180" status="PASS">
          <reporter-output>
          </reporter-output>
        </test-method> <!-- coustmize_giftcard -->
        <test-method signature="Select_date()[pri:16, instance:bookShelves.BookShelves@20d525]" started-at="2024-02-26T12:33:46 IST" name="Select_date" finished-at="2024-02-26T12:33:49 IST" duration-ms="3316" status="PASS">
          <reporter-output>
          </reporter-output>
        </test-method> <!-- Select_date -->
        <test-method signature="fill_the_form()[pri:17, instance:bookShelves.BookShelves@20d525]" started-at="2024-02-26T12:33:49 IST" name="fill_the_form" finished-at="2024-02-26T12:33:53 IST" duration-ms="3685" status="PASS">
          <reporter-output>
          </reporter-output>
        </test-method> <!-- fill_the_form -->
        <test-method signature="Click_confirm()[pri:18, instance:bookShelves.BookShelves@20d525]" started-at="2024-02-26T12:33:53 IST" name="Click_confirm" finished-at="2024-02-26T12:33:56 IST" duration-ms="3041" status="PASS">
          <reporter-output>
          </reporter-output>
        </test-method> <!-- Click_confirm -->
        <test-method signature="Refill_details()[pri:19, instance:bookShelves.BookShelves@20d525]" started-at="2024-02-26T12:33:56 IST" name="Refill_details" finished-at="2024-02-26T12:34:38 IST" duration-ms="42449" status="PASS">
          <reporter-output>
          </reporter-output>
        </test-method> <!-- Refill_details -->
        <test-method signature="valid_details()[pri:20, instance:bookShelves.BookShelves@20d525]" started-at="2024-02-26T12:34:38 IST" name="valid_details" finished-at="2024-02-26T12:34:42 IST" duration-ms="3751" status="PASS">
          <reporter-output>
          </reporter-output>
        </test-method> <!-- valid_details -->
        <test-method signature="click_confirm()[pri:21, instance:bookShelves.BookShelves@20d525]" started-at="2024-02-26T12:34:42 IST" name="click_confirm" finished-at="2024-02-26T12:34:44 IST" duration-ms="2083" status="PASS">
          <reporter-output>
          </reporter-output>
        </test-method> <!-- click_confirm -->
        <test-method is-config="true" signature="tear_down()[pri:0, instance:bookShelves.BookShelves@20d525]" started-at="2024-02-26T12:34:44 IST" name="tear_down" finished-at="2024-02-26T12:34:46 IST" duration-ms="1321" status="PASS">
          <reporter-output>
          </reporter-output>
        </test-method> <!-- tear_down -->
      </class> <!-- bookShelves.BookShelves -->
    </test> <!-- Test -->
  </suite> <!-- Suite -->
</testng-results>
